2023-12-03 01:12:56,348 - geocoder.base - INFO - Requested https://nominatim.openstreetmap.org/search?q=Ulm&format=jsonv2&addressdetails=1&limit=1
2023-12-03 01:16:12,573 - geocoder.base - INFO - Requested https://nominatim.openstreetmap.org/search?q=Ulm&format=jsonv2&addressdetails=1&limit=1
2023-12-03 01:21:05,281 - geocoder.base - INFO - Requested https://nominatim.openstreetmap.org/search?q=Ulm&format=jsonv2&addressdetails=1&limit=1
2023-12-03 01:22:31,592 - geocoder.base - INFO - Requested https://nominatim.openstreetmap.org/search?q=Ulm&format=jsonv2&addressdetails=1&limit=1
2023-12-03 01:22:45,628 - geocoder.base - INFO - Requested https://nominatim.openstreetmap.org/search?q=Ulm&format=jsonv2&addressdetails=1&limit=1
2023-12-03 01:25:14,020 - geocoder.base - INFO - Requested https://nominatim.openstreetmap.org/search?q=Ulm&format=jsonv2&addressdetails=1&limit=1
2023-12-03 01:26:09,589 - geocoder.base - INFO - Requested https://nominatim.openstreetmap.org/search?q=Ulm&format=jsonv2&addressdetails=1&limit=1
2023-12-03 01:27:33,320 - geocoder.base - INFO - Requested https://nominatim.openstreetmap.org/search?q=Ulm&format=jsonv2&addressdetails=1&limit=1
2023-12-03 01:28:46,339 - geocoder.base - INFO - Requested https://nominatim.openstreetmap.org/search?q=Ulm&format=jsonv2&addressdetails=1&limit=1
2023-12-03 01:30:38,959 - geocoder.base - INFO - Requested https://nominatim.openstreetmap.org/search?q=Ulm&format=jsonv2&addressdetails=1&limit=1
2023-12-03 01:32:21,051 - geocoder.base - INFO - Requested https://nominatim.openstreetmap.org/search?q=Ulm&format=jsonv2&addressdetails=1&limit=1
2023-12-03 01:33:03,758 - geocoder.base - INFO - Requested https://nominatim.openstreetmap.org/search?q=Ulm&format=jsonv2&addressdetails=1&limit=1
2023-12-03 01:37:34,057 - geocoder.base - INFO - Requested https://nominatim.openstreetmap.org/search?q=Ulm&format=jsonv2&addressdetails=1&limit=1
2023-12-06 18:23:51,997 - geocoder.base - INFO - Requested https://nominatim.openstreetmap.org/search?q=Ulm&format=jsonv2&addressdetails=1&limit=1
2023-12-06 18:25:58,776 - geocoder.base - INFO - Requested https://nominatim.openstreetmap.org/search?q=Ulm&format=jsonv2&addressdetails=1&limit=1
2023-12-06 18:27:50,182 - geocoder.base - INFO - Requested https://nominatim.openstreetmap.org/search?q=Ulm&format=jsonv2&addressdetails=1&limit=1
2023-12-06 18:28:45,408 - geocoder.base - INFO - Requested https://nominatim.openstreetmap.org/search?q=Ulm&format=jsonv2&addressdetails=1&limit=1
2023-12-06 18:29:24,751 - geocoder.base - INFO - Requested https://nominatim.openstreetmap.org/search?q=Ulm&format=jsonv2&addressdetails=1&limit=1
2023-12-06 18:29:51,112 - geocoder.base - INFO - Requested https://nominatim.openstreetmap.org/search?q=Ulm&format=jsonv2&addressdetails=1&limit=1
2023-12-06 18:29:58,213 - geocoder.base - INFO - Requested https://nominatim.openstreetmap.org/search?q=Ulm&format=jsonv2&addressdetails=1&limit=1
2023-12-06 18:31:04,968 - geocoder.base - INFO - Requested https://nominatim.openstreetmap.org/search?q=Ulm&format=jsonv2&addressdetails=1&limit=1
2023-12-06 18:31:48,717 - geocoder.base - INFO - Requested https://nominatim.openstreetmap.org/search?q=Ulm&format=jsonv2&addressdetails=1&limit=1
2023-12-06 18:32:28,168 - geocoder.base - INFO - Requested https://nominatim.openstreetmap.org/search?q=Ulm&format=jsonv2&addressdetails=1&limit=1
2023-12-06 18:36:11,377 - geocoder.base - INFO - Requested https://nominatim.openstreetmap.org/search?q=Ulm&format=jsonv2&addressdetails=1&limit=1
2023-12-06 18:37:01,507 - geocoder.base - INFO - Requested https://nominatim.openstreetmap.org/search?q=Ulm&format=jsonv2&addressdetails=1&limit=1
2023-12-06 18:38:27,907 - geocoder.base - INFO - Requested https://nominatim.openstreetmap.org/search?q=Ulm&format=jsonv2&addressdetails=1&limit=1
2023-12-06 18:38:50,849 - geocoder.base - INFO - Requested https://nominatim.openstreetmap.org/search?q=Ulm&format=jsonv2&addressdetails=1&limit=1
2023-12-06 18:39:36,473 - geocoder.base - INFO - Requested https://nominatim.openstreetmap.org/search?q=Ulm&format=jsonv2&addressdetails=1&limit=1
2023-12-06 18:40:24,297 - geocoder.base - INFO - Requested https://nominatim.openstreetmap.org/search?q=Ulm&format=jsonv2&addressdetails=1&limit=1
2023-12-06 18:44:26,031 - geocoder.base - INFO - Requested https://nominatim.openstreetmap.org/search?q=Ulm&format=jsonv2&addressdetails=1&limit=1
2023-12-06 18:45:59,412 - geocoder.base - INFO - Requested https://nominatim.openstreetmap.org/search?q=Ulm&format=jsonv2&addressdetails=1&limit=1
2023-12-06 18:47:13,122 - geocoder.base - INFO - Requested https://nominatim.openstreetmap.org/search?q=Ulm&format=jsonv2&addressdetails=1&limit=1
2023-12-06 18:47:46,290 - geocoder.base - INFO - Requested https://nominatim.openstreetmap.org/search?q=Ulm&format=jsonv2&addressdetails=1&limit=1
2023-12-06 18:48:10,456 - geocoder.base - INFO - Requested https://nominatim.openstreetmap.org/search?q=Ulm&format=jsonv2&addressdetails=1&limit=1
2023-12-06 18:48:48,543 - geocoder.base - INFO - Requested https://nominatim.openstreetmap.org/search?q=Ulm&format=jsonv2&addressdetails=1&limit=1
2023-12-06 18:49:35,078 - geocoder.base - INFO - Requested https://nominatim.openstreetmap.org/search?q=Ulm&format=jsonv2&addressdetails=1&limit=1
2023-12-06 18:51:55,229 - geocoder.base - INFO - Requested https://nominatim.openstreetmap.org/search?q=Ulm&format=jsonv2&addressdetails=1&limit=1
2023-12-06 18:54:23,407 - geocoder.base - INFO - Requested https://nominatim.openstreetmap.org/search?q=Ulm&format=jsonv2&addressdetails=1&limit=1
2023-12-06 18:54:42,767 - geocoder.base - INFO - Requested https://nominatim.openstreetmap.org/search?q=Ulm&format=jsonv2&addressdetails=1&limit=1
2023-12-06 18:55:13,747 - geocoder.base - INFO - Requested https://nominatim.openstreetmap.org/search?q=Ulm&format=jsonv2&addressdetails=1&limit=1
2023-12-06 18:56:15,685 - geocoder.base - INFO - Requested https://nominatim.openstreetmap.org/search?q=Ulm&format=jsonv2&addressdetails=1&limit=1
2023-12-06 18:57:12,754 - geocoder.base - INFO - Requested https://nominatim.openstreetmap.org/search?q=Ulm&format=jsonv2&addressdetails=1&limit=1
2023-12-06 18:57:48,434 - geocoder.base - INFO - Requested https://nominatim.openstreetmap.org/search?q=Ulm&format=jsonv2&addressdetails=1&limit=1
2023-12-06 19:02:07,891 - geocoder.base - INFO - Requested https://nominatim.openstreetmap.org/search?q=Ulm&format=jsonv2&addressdetails=1&limit=1
2023-12-06 19:02:59,035 - geocoder.base - INFO - Requested https://nominatim.openstreetmap.org/search?q=Ulm&format=jsonv2&addressdetails=1&limit=1
2023-12-06 19:03:28,456 - geocoder.base - INFO - Requested https://nominatim.openstreetmap.org/search?q=Ulm&format=jsonv2&addressdetails=1&limit=1
2023-12-06 19:05:24,973 - geocoder.base - INFO - Requested https://nominatim.openstreetmap.org/search?q=Ulm&format=jsonv2&addressdetails=1&limit=1
2023-12-06 19:06:22,564 - geocoder.base - INFO - Requested https://nominatim.openstreetmap.org/search?q=Ulm&format=jsonv2&addressdetails=1&limit=1
2023-12-06 20:24:11,828 - geocoder.base - INFO - Requested https://nominatim.openstreetmap.org/search?q=Ulm&format=jsonv2&addressdetails=1&limit=1
2023-12-06 20:24:48,595 - geocoder.base - INFO - Requested https://nominatim.openstreetmap.org/search?q=Ulm&format=jsonv2&addressdetails=1&limit=1
2023-12-06 20:36:42,568 - geocoder.base - INFO - Requested https://nominatim.openstreetmap.org/search?q=Ulm&format=jsonv2&addressdetails=1&limit=1
2023-12-06 20:37:22,143 - geocoder.base - INFO - Requested https://nominatim.openstreetmap.org/search?q=Ulm&format=jsonv2&addressdetails=1&limit=1
2023-12-06 20:37:56,291 - geocoder.base - INFO - Requested https://nominatim.openstreetmap.org/search?q=Ulm&format=jsonv2&addressdetails=1&limit=1
2023-12-06 23:24:52,264 - geocoder.base - INFO - Requested https://nominatim.openstreetmap.org/search?q=Ulm&format=jsonv2&addressdetails=1&limit=1
2023-12-07 18:38:36,028 - geocoder.base - INFO - Requested https://nominatim.openstreetmap.org/search?q=Ulm&format=jsonv2&addressdetails=1&limit=1
2023-12-07 20:47:29,993 - geocoder.base - INFO - Requested https://nominatim.openstreetmap.org/search?q=Ulm&format=jsonv2&addressdetails=1&limit=1
2023-12-07 23:52:21,420 - geocoder.base - INFO - Requested https://nominatim.openstreetmap.org/search?q=Ulm&format=jsonv2&addressdetails=1&limit=1
2023-12-08 00:18:07,168 - main - INFO - Пользователь admin выполнил действие: Изменил стройку под названием: ('75083-23',)
2023-12-08 00:20:48,728 - main - INFO - Пользователь admin выполнил действие: Назначил на стройку людей: ('G.Hudzen, D.Mirakaj, B.Gashi',)
2023-12-08 00:21:21,833 - main - INFO - Пользователь admin выполнил действие: Назначил на стройку людей: ('',)
2023-12-08 00:39:40,283 - main - INFO - Пользователь admin выполнил действие: Назначил на стройку людей: ('G.Hudzen, D.Mirakaj',)
2023-12-08 00:39:45,272 - main - INFO - Пользователь admin выполнил действие: Назначил на стройку людей: ('G.Hudzen, A.Bobrishov',)
2023-12-08 00:39:48,491 - main - INFO - Пользователь admin выполнил действие: Назначил на стройку людей: ('G.Hudzen',)
2023-12-08 00:39:51,729 - main - INFO - Пользователь admin выполнил действие: Назначил на стройку людей: ('G.Hudzen',)
2023-12-08 00:39:54,894 - main - INFO - Пользователь admin выполнил действие: Назначил на стройку людей: ('G.Hudzen',)
2023-12-08 00:39:57,872 - main - INFO - Пользователь admin выполнил действие: Назначил на стройку людей: ('G.Hudzen, D.Mirakaj, B.Gashi',)
2023-12-08 00:40:01,287 - main - INFO - Пользователь admin выполнил действие: Назначил на стройку людей: ('G.Hudzen',)
2023-12-08 00:40:31,322 - main - INFO - Пользователь admin выполнил действие: Назначил на стройку людей: ('G.Hudzen, D.Mirakaj',)
2023-12-08 00:40:37,720 - main - INFO - Пользователь admin выполнил действие: Назначил на стройку людей: ('',)
2023-12-08 00:41:40,973 - main - INFO - Пользователь admin выполнил действие: Назначил на стройку людей: ('',)
2023-12-08 00:41:44,199 - main - INFO - Пользователь admin выполнил действие: Назначил на стройку людей: ('',)
2023-12-08 00:43:10,423 - main - INFO - Пользователь admin выполнил действие: Назначил на стройку людей: ('',)
2023-12-08 00:43:31,955 - main - INFO - Пользователь admin выполнил действие: Назначил на стройку людей: ('',)
2023-12-08 00:43:38,769 - main - INFO - Пользователь admin выполнил действие: Назначил на стройку людей: ('G.Hudzen',)
2023-12-08 00:43:43,777 - main - INFO - Пользователь admin выполнил действие: Назначил на стройку людей: ('B.Gashi',)
2023-12-08 00:43:48,812 - main - INFO - Пользователь admin выполнил действие: Назначил на стройку людей: ('',)
2023-12-08 00:44:55,609 - main - INFO - Пользователь admin выполнил действие: Назначил на стройку людей: ('',)
2023-12-08 00:45:00,462 - main - INFO - Пользователь admin выполнил действие: Назначил на стройку людей: ('',)
2023-12-08 00:45:04,523 - main - INFO - Пользователь admin выполнил действие: Назначил на стройку людей: ('',)
2023-12-08 00:45:08,187 - main - INFO - Пользователь admin выполнил действие: Назначил на стройку людей: ('',)
2023-12-08 00:45:12,286 - main - INFO - Пользователь admin выполнил действие: Назначил на стройку людей: ('',)
2023-12-08 00:45:16,409 - main - INFO - Пользователь admin выполнил действие: Назначил на стройку людей: ('',)
2023-12-08 00:45:20,348 - main - INFO - Пользователь admin выполнил действие: Назначил на стройку людей: ('',)
2023-12-08 00:45:24,512 - main - INFO - Пользователь admin выполнил действие: Назначил на стройку людей: ('',)
2023-12-08 00:45:35,398 - main - INFO - Пользователь admin выполнил действие: Назначил на стройку людей: ('',)
2023-12-08 00:45:39,528 - main - INFO - Пользователь admin выполнил действие: Назначил на стройку людей: ('',)
2023-12-08 00:45:43,348 - main - INFO - Пользователь admin выполнил действие: Назначил на стройку людей: ('',)
2023-12-08 00:45:47,070 - main - INFO - Пользователь admin выполнил действие: Назначил на стройку людей: ('',)
2023-12-08 00:45:51,383 - main - INFO - Пользователь admin выполнил действие: Назначил на стройку людей: ('',)
2023-12-08 00:45:55,014 - main - INFO - Пользователь admin выполнил действие: Назначил на стройку людей: ('G.Hudzen',)
